C:\USERS\STEPHEN\DOCUMENTS\PROJECTS\WINDOWSBACKGROUNDLAUNCHER\WINDOWSBACKGROUNDLAUNCHER\WINDOWSBACKGROUNDLAUNCHER\DEBUG\MAIN.OBJ
C:\USERS\STEPHEN\DOCUMENTS\PROJECTS\WINDOWSBACKGROUNDLAUNCHER\WINDOWSBACKGROUNDLAUNCHER\WINDOWSBACKGROUNDLAUNCHER\DEBUG\VC110.PDB
C:\USERS\STEPHEN\DOCUMENTS\PROJECTS\WINDOWSBACKGROUNDLAUNCHER\WINDOWSBACKGROUNDLAUNCHER\DEBUG\WINDOWSBACKGROUNDLAUNCHER.ILK
C:\USERS\STEPHEN\DOCUMENTS\PROJECTS\WINDOWSBACKGROUNDLAUNCHER\WINDOWSBACKGROUNDLAUNCHER\DEBUG\WINDOWSBACKGROUNDLAUNCHER.EXE
C:\USERS\STEPHEN\DOCUMENTS\PROJECTS\WINDOWSBACKGROUNDLAUNCHER\WINDOWSBACKGROUNDLAUNCHER\DEBUG\WINDOWSBACKGROUNDLAUNCHER.PDB
C:\Users\Stephen\Documents\Projects\WindowsBackgroundLauncher\WindowsBackgroundLauncher\WindowsBackgroundLauncher\Debug\main.obj
C:\Users\Stephen\Documents\Projects\WindowsBackgroundLauncher\WindowsBackgroundLauncher\WindowsBackgroundLauncher\Debug\cl.command.1.tlog
C:\Users\Stephen\Documents\Projects\WindowsBackgroundLauncher\WindowsBackgroundLauncher\WindowsBackgroundLauncher\Debug\CL.read.1.tlog
C:\Users\Stephen\Documents\Projects\WindowsBackgroundLauncher\WindowsBackgroundLauncher\WindowsBackgroundLauncher\Debug\CL.write.1.tlog
C:\Users\Stephen\Documents\Projects\WindowsBackgroundLauncher\WindowsBackgroundLauncher\WindowsBackgroundLauncher\Debug\link-cvtres.read.1.tlog
C:\Users\Stephen\Documents\Projects\WindowsBackgroundLauncher\WindowsBackgroundLauncher\WindowsBackgroundLauncher\Debug\link-cvtres.write.1.tlog
C:\Users\Stephen\Documents\Projects\WindowsBackgroundLauncher\WindowsBackgroundLauncher\WindowsBackgroundLauncher\Debug\link-rc.read.1.tlog
C:\Users\Stephen\Documents\Projects\WindowsBackgroundLauncher\WindowsBackgroundLauncher\WindowsBackgroundLauncher\Debug\link-rc.write.1.tlog
C:\Users\Stephen\Documents\Projects\WindowsBackgroundLauncher\WindowsBackgroundLauncher\WindowsBackgroundLauncher\Debug\link.1692-cvtres.read.1.tlog
C:\Users\Stephen\Documents\Projects\WindowsBackgroundLauncher\WindowsBackgroundLauncher\WindowsBackgroundLauncher\Debug\link.1692-cvtres.write.1.tlog
C:\Users\Stephen\Documents\Projects\WindowsBackgroundLauncher\WindowsBackgroundLauncher\WindowsBackgroundLauncher\Debug\link.1692-rc.read.1.tlog
C:\Users\Stephen\Documents\Projects\WindowsBackgroundLauncher\WindowsBackgroundLauncher\WindowsBackgroundLauncher\Debug\link.1692-rc.write.1.tlog
C:\Users\Stephen\Documents\Projects\WindowsBackgroundLauncher\WindowsBackgroundLauncher\WindowsBackgroundLauncher\Debug\link.1692.read.1.tlog
C:\Users\Stephen\Documents\Projects\WindowsBackgroundLauncher\WindowsBackgroundLauncher\WindowsBackgroundLauncher\Debug\link.1692.write.1.tlog
C:\Users\Stephen\Documents\Projects\WindowsBackgroundLauncher\WindowsBackgroundLauncher\WindowsBackgroundLauncher\Debug\link.3036-cvtres.read.1.tlog
C:\Users\Stephen\Documents\Projects\WindowsBackgroundLauncher\WindowsBackgroundLauncher\WindowsBackgroundLauncher\Debug\link.3036-cvtres.write.1.tlog
C:\Users\Stephen\Documents\Projects\WindowsBackgroundLauncher\WindowsBackgroundLauncher\WindowsBackgroundLauncher\Debug\link.3036-rc.read.1.tlog
C:\Users\Stephen\Documents\Projects\WindowsBackgroundLauncher\WindowsBackgroundLauncher\WindowsBackgroundLauncher\Debug\link.3036-rc.write.1.tlog
C:\Users\Stephen\Documents\Projects\WindowsBackgroundLauncher\WindowsBackgroundLauncher\WindowsBackgroundLauncher\Debug\link.3036.read.1.tlog
C:\Users\Stephen\Documents\Projects\WindowsBackgroundLauncher\WindowsBackgroundLauncher\WindowsBackgroundLauncher\Debug\link.3036.write.1.tlog
C:\Users\Stephen\Documents\Projects\WindowsBackgroundLauncher\WindowsBackgroundLauncher\WindowsBackgroundLauncher\Debug\link.3812-cvtres.read.1.tlog
C:\Users\Stephen\Documents\Projects\WindowsBackgroundLauncher\WindowsBackgroundLauncher\WindowsBackgroundLauncher\Debug\link.3812-cvtres.write.1.tlog
C:\Users\Stephen\Documents\Projects\WindowsBackgroundLauncher\WindowsBackgroundLauncher\WindowsBackgroundLauncher\Debug\link.3812-rc.read.1.tlog
C:\Users\Stephen\Documents\Projects\WindowsBackgroundLauncher\WindowsBackgroundLauncher\WindowsBackgroundLauncher\Debug\link.3812-rc.write.1.tlog
C:\Users\Stephen\Documents\Projects\WindowsBackgroundLauncher\WindowsBackgroundLauncher\WindowsBackgroundLauncher\Debug\link.3812.read.1.tlog
C:\Users\Stephen\Documents\Projects\WindowsBackgroundLauncher\WindowsBackgroundLauncher\WindowsBackgroundLauncher\Debug\link.3812.write.1.tlog
C:\Users\Stephen\Documents\Projects\WindowsBackgroundLauncher\WindowsBackgroundLauncher\WindowsBackgroundLauncher\Debug\link.6348-cvtres.read.1.tlog
C:\Users\Stephen\Documents\Projects\WindowsBackgroundLauncher\WindowsBackgroundLauncher\WindowsBackgroundLauncher\Debug\link.6348-cvtres.write.1.tlog
C:\Users\Stephen\Documents\Projects\WindowsBackgroundLauncher\WindowsBackgroundLauncher\WindowsBackgroundLauncher\Debug\link.6348-rc.read.1.tlog
C:\Users\Stephen\Documents\Projects\WindowsBackgroundLauncher\WindowsBackgroundLauncher\WindowsBackgroundLauncher\Debug\link.6348-rc.write.1.tlog
C:\Users\Stephen\Documents\Projects\WindowsBackgroundLauncher\WindowsBackgroundLauncher\WindowsBackgroundLauncher\Debug\link.6348.read.1.tlog
C:\Users\Stephen\Documents\Projects\WindowsBackgroundLauncher\WindowsBackgroundLauncher\WindowsBackgroundLauncher\Debug\link.6348.write.1.tlog
C:\Users\Stephen\Documents\Projects\WindowsBackgroundLauncher\WindowsBackgroundLauncher\WindowsBackgroundLauncher\Debug\link.command.1.tlog
C:\Users\Stephen\Documents\Projects\WindowsBackgroundLauncher\WindowsBackgroundLauncher\WindowsBackgroundLauncher\Debug\link.read.1.tlog
C:\Users\Stephen\Documents\Projects\WindowsBackgroundLauncher\WindowsBackgroundLauncher\WindowsBackgroundLauncher\Debug\link.write.1.tlog
C:\Users\Stephen\Documents\Projects\WindowsBackgroundLauncher\WindowsBackgroundLauncher\WindowsBackgroundLauncher\Debug\vc110.idb
C:\Users\Stephen\Documents\Projects\WindowsBackgroundLauncher\WindowsBackgroundLauncher\WindowsBackgroundLauncher\Debug\vc110.pdb
C:\Users\Stephen\Documents\Projects\WindowsBackgroundLauncher\WindowsBackgroundLauncher\Debug\WindowsBackgroundLauncher.pdb
C:\Users\Stephen\Documents\Projects\WindowsBackgroundLauncher\WindowsBackgroundLauncher\Debug\WindowsBackgroundLauncher.exe
C:\Users\Stephen\Documents\Projects\WindowsBackgroundLauncher\WindowsBackgroundLauncher\Debug\WindowsBackgroundLauncher.ilk
